2026-05-29 02:24:06,100 - __main__ - INFO - Bot initializing with intents: members=True, message_content=True, reactions=True, guilds=True
2026-05-29 02:24:06,100 - discord.client - WARNING - PyNaCl is not installed, voice will NOT be supported
2026-05-29 02:24:06,100 - discord.client - WARNING - davey is not installed, voice will NOT be supported
2026-05-29 02:24:06,101 - utils.runners - INFO - Starting bot (attempt 1)...
2026-05-29 02:24:06,101 - discord.client - INFO - logging in using static token
2026-05-29 02:24:06,519 - __main__ - INFO - Running setup_hook...
2026-05-29 02:24:06,866 - utils.database - INFO - Synchronized 52 users into memory.
2026-05-29 02:24:06,914 - utils.database - INFO - Synchronized 19 hrs into memory.
2026-05-29 02:24:06,973 - utils.database - INFO - Synchronized 15 lrs into memory.
2026-05-29 02:24:06,973 - __main__ - INFO - DatabaseHandler initialised
2026-05-29 02:24:06,973 - __main__ - INFO - Rate limiters initialised
2026-05-29 02:24:06,973 - __main__ - INFO - DiscordAPI with rate limits initalised.
2026-05-29 02:24:07,005 - __main__ - INFO - Roblox Client initialised.
2026-05-29 02:24:07,005 - __main__ - INFO - Shared HTTP session initialised
2026-05-29 02:24:07,005 - __main__ - INFO - RankTracker initialised
2026-05-29 02:24:07,055 - utils.permissions - INFO - Loaded 5 out of 5 category permissions into cache.
2026-05-29 02:24:07,056 - __main__ - INFO - Permissions intialised
2026-05-29 02:24:07,060 - __main__ - INFO - Loaded cog: cogs.xp
2026-05-29 02:24:07,063 - __main__ - INFO - Loaded cog: cogs.welcome
2026-05-29 02:24:07,066 - __main__ - INFO - Loaded cog: cogs.moderation
2026-05-29 02:24:07,070 - __main__ - INFO - Loaded cog: cogs.reactions
2026-05-29 02:24:07,074 - __main__ - INFO - Loaded cog: cogs.admin
2026-05-29 02:24:07,076 - __main__ - INFO - Loaded cog: cogs.utility
2026-05-29 02:24:07,078 - __main__ - INFO - Loaded cog: cogs.sc
2026-05-29 02:24:07,079 - __main__ - INFO - Loaded cog: cogs.messages
2026-05-29 02:24:07,079 - __main__ - INFO - Setup hook completed!
2026-05-29 02:24:07,574 - discord.gateway - INFO - Shard ID None has connected to Gateway (Session ID: 31a101cba58c655adb3955eb6867d729).
2026-05-29 02:24:09,594 - __main__ - INFO - ==================================================
2026-05-29 02:24:09,595 - __main__ - INFO - Logged in as CRDB Rework#6321 (ID: 1481100375951020052)
2026-05-29 02:24:09,595 - __main__ - INFO - Connected to 1 guild(s)
2026-05-29 02:24:09,595 - cogs.reactions - INFO - Default Log channel configured for CRDB Test Area.
2026-05-29 02:24:09,765 - cogs.reactions - INFO - Cleaned up old processed reactions
2026-05-29 02:24:09,816 - cogs.messages - INFO - Cleaned up old Criminal Records, Stored Users & Requests
2026-05-29 02:24:09,899 - utils.views - ERROR - Failed to restore message 1502640947152949431: 'NoneType' object has no attribute 'fetch_message'
2026-05-29 02:24:10,100 - utils.views - ERROR - Failed to restore message 1502678287732965418: 'NoneType' object has no attribute 'fetch_message'
2026-05-29 02:24:10,301 - utils.views - ERROR - Failed to restore message 1507082186371891351: 'NoneType' object has no attribute 'fetch_message'
2026-05-29 02:24:15,596 - __main__ - INFO - Commands synced successfully
2026-05-29 02:24:15,757 - utils.database - INFO - Loaded 2 welcome messages into cache
2026-05-29 02:24:15,757 - __main__ - INFO - ==================================================
2026-05-29 02:27:01,314 - cogs.xp - ERROR - Failed to log XP to Discord: 403 Forbidden (error code: 50013): Missing Permissions
2026-05-29 02:27:35,624 - cogs.xp - ERROR - Failed to log XP to Discord: 403 Forbidden (error code: 50013): Missing Permissions
2026-05-29 02:27:50,779 - utils.database - INFO - Created New User: CrimsonSen (353167234698444802), Roblox ID: None
2026-05-29 02:27:50,829 - utils.database - INFO - Updated HRs | events points for CrimsonSen (353167234698444802): 0.0 ➝ 1.0
2026-05-29 02:27:50,995 - utils.database - INFO - Created New User: pozer (1360428917252558908), Roblox ID: None
2026-05-29 02:27:51,033 - utils.database - INFO - Updated LRs | events_attended points for pozer (1360428917252558908): 0.0 ➝ 1.0
2026-05-29 02:27:51,274 - utils.database - INFO - Updated HRs | courses points for CrimsonSen (353167234698444802): 0.0 ➝ 0.5
2026-05-29 02:27:51,460 - cogs.reactions - INFO - Error occurred in reacton handler - starting rollback
2026-05-29 02:27:51,559 - utils.database - INFO - Updated HRs | courses points for CrimsonSen (353167234698444802): 0.5 ➝ 0.0
2026-05-29 02:27:51,661 - utils.database - INFO - Updated LRs | events_attended points for pozer (1360428917252558908): 1.0 ➝ 0.0
2026-05-29 02:27:51,794 - utils.database - INFO - Updated HRs | events points for CrimsonSen (353167234698444802): 1.0 ➝ 0.0
2026-05-29 02:27:51,795 - cogs.reactions - INFO - Rollback finished
2026-05-29 02:27:51,795 - cogs.reactions - ERROR - Failed in _log_event_reaction_impl: Forbidden: 403 Forbidden (error code: 50013): Missing Permissions
Traceback (most recent call last):
  File "/home/brys/CRDB/cogs/reactions.py", line 578, in on_raw_reaction_add
    success = await getattr(self, h.handler)(payload, guild, member)
              ^^^^^^^^^^^^^^^^^^^^^^^^^^^^^^^^^^^^^^^^^^^^^^^^^^^^^^
  File "/home/brys/CRDB/cogs/reactions.py", line 398, in _log_event_reaction_impl
    raise e
  File "/home/brys/CRDB/cogs/reactions.py", line 388, in _log_event_reaction_impl
    msg = await self.log_channel.send(embeds=[db_embed, log_embed])
          ^^^^^^^^^^^^^^^^^^^^^^^^^^^^^^^^^^^^^^^^^^^^^^^^^^^^^^^^^
  File "/home/brys/CRDB/venv/lib/python3.12/site-packages/discord/abc.py", line 1706, in send
    data = await state.http.send_message(channel.id, params=params)
           ^^^^^^^^^^^^^^^^^^^^^^^^^^^^^^^^^^^^^^^^^^^^^^^^^^^^^^^^
  File "/home/brys/CRDB/venv/lib/python3.12/site-packages/discord/http.py", line 772, in request
    raise Forbidden(response, data)
discord.errors.Forbidden: 403 Forbidden (error code: 50013): Missing Permissions
2026-05-29 02:27:52,849 - utils.database - INFO - Updated HRs | courses points for CrimsonSen (353167234698444802): 0.0 ➝ 0.5
2026-05-29 02:27:53,006 - cogs.reactions - INFO - Error occurred in reacton handler - starting rollback
2026-05-29 02:27:53,105 - utils.database - INFO - Updated HRs | courses points for CrimsonSen (353167234698444802): 0.5 ➝ 0.0
2026-05-29 02:27:53,105 - cogs.reactions - INFO - Rollback finished
2026-05-29 02:27:53,105 - cogs.reactions - ERROR - Failed in _log_dbl_reaction_impl: Forbidden: 403 Forbidden (error code: 50013): Missing Permissions
Traceback (most recent call last):
  File "/home/brys/CRDB/cogs/reactions.py", line 578, in on_raw_reaction_add
    success = await getattr(self, h.handler)(payload, guild, member)
              ^^^^^^^^^^^^^^^^^^^^^^^^^^^^^^^^^^^^^^^^^^^^^^^^^^^^^^
  File "/home/brys/CRDB/cogs/reactions.py", line 300, in _log_dbl_reaction_impl
    raise e
  File "/home/brys/CRDB/cogs/reactions.py", line 293, in _log_dbl_reaction_impl
    msg = await self.log_channel.send(embed=embed)
          ^^^^^^^^^^^^^^^^^^^^^^^^^^^^^^^^^^^^^^^^
  File "/home/brys/CRDB/venv/lib/python3.12/site-packages/discord/abc.py", line 1706, in send
    data = await state.http.send_message(channel.id, params=params)
           ^^^^^^^^^^^^^^^^^^^^^^^^^^^^^^^^^^^^^^^^^^^^^^^^^^^^^^^^
  File "/home/brys/CRDB/venv/lib/python3.12/site-packages/discord/http.py", line 772, in request
    raise Forbidden(response, data)
discord.errors.Forbidden: 403 Forbidden (error code: 50013): Missing Permissions
2026-05-29 02:30:55,913 - __main__ - INFO - Bot shut down by user
